#PlayerName PlaceName (if place exist player visits, if not new place is added (if player has accses))
Player1 Couryonne
Player2 Coloris
Player3 Orisca
Player4 Barcergos
Player5 Windvein
Player6 Tarbella
Player7 Barcergos
Player8 Orisca
Player1 Windvein
Player2 Nacia
Player3 Orisca
Player4 Tarbella
Player4 Barcergos
Player5 Barcergos
Player6 Barcergos
Player10 Barcergos
Player8 Barcergos
Player9 Barcergos
Player3 Barcergos
Player2 Barcergos
Player1 Barcergos
Player11 Barcergos
Player4 Pearlwater
Player4 Pearlwater
Player4 Ragewharf
Player11 Kinibourg
Player4 Maugnan
Player11 Maplegrove
Player8 Navalicia
Player1 Steepgulch
Player1 Pearlwater
Player1 Angeldrift
Player1 Angeldrift
Player1 Ambermond